<?xml version="1.0" encoding="UTF-8"?>
<testsuite xmlns:xsi="http://www.w3.org/2001/XMLSchema-instance" xsi:noNamespaceSchemaLocation="https://maven.apache.org/surefire/maven-surefire-plugin/xsd/surefire-test-report-3.0.xsd" version="3.0" name="helloworld.AppTest" time="0.08" tests="1" errors="0" skipped="0" failures="0">
  <properties>
    <property name="java.specification.version" value="21"/>
    <property name="sun.cpu.isalist" value="amd64"/>
    <property name="sun.jnu.encoding" value="Cp1252"/>
    <property name="java.class.path" value="C:\Users\GabrielMawuleSakyi\s3-notification-system\s3notification\HelloWorldFunction\target\test-classes;C:\Users\GabrielMawuleSakyi\s3-notification-system\s3notification\HelloWorldFunction\target\classes;C:\Users\GabrielMawuleSakyi\.m2\repository\com\amazonaws\aws-lambda-java-core\1.2.2\aws-lambda-java-core-1.2.2.jar;C:\Users\GabrielMawuleSakyi\.m2\repository\com\amazonaws\aws-lambda-java-events\3.11.0\aws-lambda-java-events-3.11.0.jar;C:\Users\GabrielMawuleSakyi\.m2\repository\joda-time\joda-time\2.6\joda-time-2.6.jar;C:\Users\GabrielMawuleSakyi\.m2\repository\junit\junit\4.13.2\junit-4.13.2.jar;C:\Users\GabrielMawuleSakyi\.m2\repository\org\hamcrest\hamcrest-core\1.3\hamcrest-core-1.3.jar;C:\Users\GabrielMawuleSakyi\.m2\repository\software\amazon\awssdk\sns\2.31.16\sns-2.31.16.jar;C:\Users\GabrielMawuleSakyi\.m2\repository\software\amazon\awssdk\aws-query-protocol\2.31.16\aws-query-protocol-2.31.16.jar;C:\Users\GabrielMawuleSakyi\.m2\repository\software\amazon\awssdk\protocol-core\2.31.16\protocol-core-2.31.16.jar;C:\Users\GabrielMawuleSakyi\.m2\repository\software\amazon\awssdk\http-auth-aws\2.31.16\http-auth-aws-2.31.16.jar;C:\Users\GabrielMawuleSakyi\.m2\repository\software\amazon\awssdk\sdk-core\2.31.16\sdk-core-2.31.16.jar;C:\Users\GabrielMawuleSakyi\.m2\repository\software\amazon\awssdk\retries\2.31.16\retries-2.31.16.jar;C:\Users\GabrielMawuleSakyi\.m2\repository\org\reactivestreams\reactive-streams\1.0.4\reactive-streams-1.0.4.jar;C:\Users\GabrielMawuleSakyi\.m2\repository\software\amazon\awssdk\auth\2.31.16\auth-2.31.16.jar;C:\Users\GabrielMawuleSakyi\.m2\repository\software\amazon\awssdk\http-auth-aws-eventstream\2.31.16\http-auth-aws-eventstream-2.31.16.jar;C:\Users\GabrielMawuleSakyi\.m2\repository\software\amazon\eventstream\eventstream\1.0.1\eventstream-1.0.1.jar;C:\Users\GabrielMawuleSakyi\.m2\repository\software\amazon\awssdk\http-auth-spi\2.31.16\http-auth-spi-2.31.16.jar;C:\Users\GabrielMawuleSakyi\.m2\repository\software\amazon\awssdk\http-auth\2.31.16\http-auth-2.31.16.jar;C:\Users\GabrielMawuleSakyi\.m2\repository\software\amazon\awssdk\identity-spi\2.31.16\identity-spi-2.31.16.jar;C:\Users\GabrielMawuleSakyi\.m2\repository\software\amazon\awssdk\http-client-spi\2.31.16\http-client-spi-2.31.16.jar;C:\Users\GabrielMawuleSakyi\.m2\repository\software\amazon\awssdk\regions\2.31.16\regions-2.31.16.jar;C:\Users\GabrielMawuleSakyi\.m2\repository\software\amazon\awssdk\annotations\2.31.16\annotations-2.31.16.jar;C:\Users\GabrielMawuleSakyi\.m2\repository\software\amazon\awssdk\utils\2.31.16\utils-2.31.16.jar;C:\Users\GabrielMawuleSakyi\.m2\repository\software\amazon\awssdk\aws-core\2.31.16\aws-core-2.31.16.jar;C:\Users\GabrielMawuleSakyi\.m2\repository\software\amazon\awssdk\metrics-spi\2.31.16\metrics-spi-2.31.16.jar;C:\Users\GabrielMawuleSakyi\.m2\repository\software\amazon\awssdk\json-utils\2.31.16\json-utils-2.31.16.jar;C:\Users\GabrielMawuleSakyi\.m2\repository\software\amazon\awssdk\third-party-jackson-core\2.31.16\third-party-jackson-core-2.31.16.jar;C:\Users\GabrielMawuleSakyi\.m2\repository\software\amazon\awssdk\endpoints-spi\2.31.16\endpoints-spi-2.31.16.jar;C:\Users\GabrielMawuleSakyi\.m2\repository\software\amazon\awssdk\retries-spi\2.31.16\retries-spi-2.31.16.jar;C:\Users\GabrielMawuleSakyi\.m2\repository\software\amazon\awssdk\apache-client\2.31.16\apache-client-2.31.16.jar;C:\Users\GabrielMawuleSakyi\.m2\repository\org\apache\httpcomponents\httpclient\4.5.13\httpclient-4.5.13.jar;C:\Users\GabrielMawuleSakyi\.m2\repository\commons-logging\commons-logging\1.2\commons-logging-1.2.jar;C:\Users\GabrielMawuleSakyi\.m2\repository\org\apache\httpcomponents\httpcore\4.4.16\httpcore-4.4.16.jar;C:\Users\GabrielMawuleSakyi\.m2\repository\commons-codec\commons-codec\1.17.1\commons-codec-1.17.1.jar;C:\Users\GabrielMawuleSakyi\.m2\repository\software\amazon\awssdk\netty-nio-client\2.31.16\netty-nio-client-2.31.16.jar;C:\Users\GabrielMawuleSakyi\.m2\repository\io\netty\netty-codec-http\4.1.118.Final\netty-codec-http-4.1.118.Final.jar;C:\Users\GabrielMawuleSakyi\.m2\repository\io\netty\netty-codec-http2\4.1.118.Final\netty-codec-http2-4.1.118.Final.jar;C:\Users\GabrielMawuleSakyi\.m2\repository\io\netty\netty-codec\4.1.118.Final\netty-codec-4.1.118.Final.jar;C:\Users\GabrielMawuleSakyi\.m2\repository\io\netty\netty-transport\4.1.118.Final\netty-transport-4.1.118.Final.jar;C:\Users\GabrielMawuleSakyi\.m2\repository\io\netty\netty-common\4.1.118.Final\netty-common-4.1.118.Final.jar;C:\Users\GabrielMawuleSakyi\.m2\repository\io\netty\netty-buffer\4.1.118.Final\netty-buffer-4.1.118.Final.jar;C:\Users\GabrielMawuleSakyi\.m2\repository\io\netty\netty-handler\4.1.118.Final\netty-handler-4.1.118.Final.jar;C:\Users\GabrielMawuleSakyi\.m2\repository\io\netty\netty-transport-native-unix-common\4.1.118.Final\netty-transport-native-unix-common-4.1.118.Final.jar;C:\Users\GabrielMawuleSakyi\.m2\repository\io\netty\netty-transport-classes-epoll\4.1.118.Final\netty-transport-classes-epoll-4.1.118.Final.jar;C:\Users\GabrielMawuleSakyi\.m2\repository\io\netty\netty-resolver\4.1.118.Final\netty-resolver-4.1.118.Final.jar;C:\Users\GabrielMawuleSakyi\.m2\repository\software\amazon\awssdk\s3\2.30.37\s3-2.30.37.jar;C:\Users\GabrielMawuleSakyi\.m2\repository\software\amazon\awssdk\aws-xml-protocol\2.30.37\aws-xml-protocol-2.30.37.jar;C:\Users\GabrielMawuleSakyi\.m2\repository\software\amazon\awssdk\arns\2.30.37\arns-2.30.37.jar;C:\Users\GabrielMawuleSakyi\.m2\repository\software\amazon\awssdk\profiles\2.30.37\profiles-2.30.37.jar;C:\Users\GabrielMawuleSakyi\.m2\repository\software\amazon\awssdk\crt-core\2.30.37\crt-core-2.30.37.jar;C:\Users\GabrielMawuleSakyi\.m2\repository\software\amazon\awssdk\checksums\2.30.37\checksums-2.30.37.jar;C:\Users\GabrielMawuleSakyi\.m2\repository\software\amazon\awssdk\checksums-spi\2.30.37\checksums-spi-2.30.37.jar;C:\Users\GabrielMawuleSakyi\.m2\repository\org\slf4j\slf4j-api\2.0.17\slf4j-api-2.0.17.jar;C:\Users\GabrielMawuleSakyi\.m2\repository\org\slf4j\slf4j-simple\2.0.7\slf4j-simple-2.0.7.jar;"/>
    <property name="java.vm.vendor" value="Oracle Corporation"/>
    <property name="sun.arch.data.model" value="64"/>
    <property name="user.variant" value=""/>
    <property name="java.vendor.url" value="https://java.oracle.com/"/>
    <property name="user.timezone" value="Etc/UTC"/>
    <property name="user.country.format" value="GH"/>
    <property name="os.name" value="Windows 10"/>
    <property name="java.vm.specification.version" value="21"/>
    <property name="sun.java.launcher" value="SUN_STANDARD"/>
    <property name="user.country" value="GB"/>
    <property name="sun.boot.library.path" value="C:\Program Files\Java\jdk-21\bin"/>
    <property name="sun.java.command" value="C:\Users\GabrielMawuleSakyi\AppData\Local\Temp\surefire1990293465930879570\surefirebooter-20250408132228080_3.jar C:\Users\GabrielMawuleSakyi\AppData\Local\Temp\surefire1990293465930879570 2025-04-08T13-22-27_909-jvmRun1 surefire-20250408132228080_1tmp surefire_0-20250408132228080_2tmp"/>
    <property name="jdk.debug" value="release"/>
    <property name="surefire.test.class.path" value="C:\Users\GabrielMawuleSakyi\s3-notification-system\s3notification\HelloWorldFunction\target\test-classes;C:\Users\GabrielMawuleSakyi\s3-notification-system\s3notification\HelloWorldFunction\target\classes;C:\Users\GabrielMawuleSakyi\.m2\repository\com\amazonaws\aws-lambda-java-core\1.2.2\aws-lambda-java-core-1.2.2.jar;C:\Users\GabrielMawuleSakyi\.m2\repository\com\amazonaws\aws-lambda-java-events\3.11.0\aws-lambda-java-events-3.11.0.jar;C:\Users\GabrielMawuleSakyi\.m2\repository\joda-time\joda-time\2.6\joda-time-2.6.jar;C:\Users\GabrielMawuleSakyi\.m2\repository\junit\junit\4.13.2\junit-4.13.2.jar;C:\Users\GabrielMawuleSakyi\.m2\repository\org\hamcrest\hamcrest-core\1.3\hamcrest-core-1.3.jar;C:\Users\GabrielMawuleSakyi\.m2\repository\software\amazon\awssdk\sns\2.31.16\sns-2.31.16.jar;C:\Users\GabrielMawuleSakyi\.m2\repository\software\amazon\awssdk\aws-query-protocol\2.31.16\aws-query-protocol-2.31.16.jar;C:\Users\GabrielMawuleSakyi\.m2\repository\software\amazon\awssdk\protocol-core\2.31.16\protocol-core-2.31.16.jar;C:\Users\GabrielMawuleSakyi\.m2\repository\software\amazon\awssdk\http-auth-aws\2.31.16\http-auth-aws-2.31.16.jar;C:\Users\GabrielMawuleSakyi\.m2\repository\software\amazon\awssdk\sdk-core\2.31.16\sdk-core-2.31.16.jar;C:\Users\GabrielMawuleSakyi\.m2\repository\software\amazon\awssdk\retries\2.31.16\retries-2.31.16.jar;C:\Users\GabrielMawuleSakyi\.m2\repository\org\reactivestreams\reactive-streams\1.0.4\reactive-streams-1.0.4.jar;C:\Users\GabrielMawuleSakyi\.m2\repository\software\amazon\awssdk\auth\2.31.16\auth-2.31.16.jar;C:\Users\GabrielMawuleSakyi\.m2\repository\software\amazon\awssdk\http-auth-aws-eventstream\2.31.16\http-auth-aws-eventstream-2.31.16.jar;C:\Users\GabrielMawuleSakyi\.m2\repository\software\amazon\eventstream\eventstream\1.0.1\eventstream-1.0.1.jar;C:\Users\GabrielMawuleSakyi\.m2\repository\software\amazon\awssdk\http-auth-spi\2.31.16\http-auth-spi-2.31.16.jar;C:\Users\GabrielMawuleSakyi\.m2\repository\software\amazon\awssdk\http-auth\2.31.16\http-auth-2.31.16.jar;C:\Users\GabrielMawuleSakyi\.m2\repository\software\amazon\awssdk\identity-spi\2.31.16\identity-spi-2.31.16.jar;C:\Users\GabrielMawuleSakyi\.m2\repository\software\amazon\awssdk\http-client-spi\2.31.16\http-client-spi-2.31.16.jar;C:\Users\GabrielMawuleSakyi\.m2\repository\software\amazon\awssdk\regions\2.31.16\regions-2.31.16.jar;C:\Users\GabrielMawuleSakyi\.m2\repository\software\amazon\awssdk\annotations\2.31.16\annotations-2.31.16.jar;C:\Users\GabrielMawuleSakyi\.m2\repository\software\amazon\awssdk\utils\2.31.16\utils-2.31.16.jar;C:\Users\GabrielMawuleSakyi\.m2\repository\software\amazon\awssdk\aws-core\2.31.16\aws-core-2.31.16.jar;C:\Users\GabrielMawuleSakyi\.m2\repository\software\amazon\awssdk\metrics-spi\2.31.16\metrics-spi-2.31.16.jar;C:\Users\GabrielMawuleSakyi\.m2\repository\software\amazon\awssdk\json-utils\2.31.16\json-utils-2.31.16.jar;C:\Users\GabrielMawuleSakyi\.m2\repository\software\amazon\awssdk\third-party-jackson-core\2.31.16\third-party-jackson-core-2.31.16.jar;C:\Users\GabrielMawuleSakyi\.m2\repository\software\amazon\awssdk\endpoints-spi\2.31.16\endpoints-spi-2.31.16.jar;C:\Users\GabrielMawuleSakyi\.m2\repository\software\amazon\awssdk\retries-spi\2.31.16\retries-spi-2.31.16.jar;C:\Users\GabrielMawuleSakyi\.m2\repository\software\amazon\awssdk\apache-client\2.31.16\apache-client-2.31.16.jar;C:\Users\GabrielMawuleSakyi\.m2\repository\org\apache\httpcomponents\httpclient\4.5.13\httpclient-4.5.13.jar;C:\Users\GabrielMawuleSakyi\.m2\repository\commons-logging\commons-logging\1.2\commons-logging-1.2.jar;C:\Users\GabrielMawuleSakyi\.m2\repository\org\apache\httpcomponents\httpcore\4.4.16\httpcore-4.4.16.jar;C:\Users\GabrielMawuleSakyi\.m2\repository\commons-codec\commons-codec\1.17.1\commons-codec-1.17.1.jar;C:\Users\GabrielMawuleSakyi\.m2\repository\software\amazon\awssdk\netty-nio-client\2.31.16\netty-nio-client-2.31.16.jar;C:\Users\GabrielMawuleSakyi\.m2\repository\io\netty\netty-codec-http\4.1.118.Final\netty-codec-http-4.1.118.Final.jar;C:\Users\GabrielMawuleSakyi\.m2\repository\io\netty\netty-codec-http2\4.1.118.Final\netty-codec-http2-4.1.118.Final.jar;C:\Users\GabrielMawuleSakyi\.m2\repository\io\netty\netty-codec\4.1.118.Final\netty-codec-4.1.118.Final.jar;C:\Users\GabrielMawuleSakyi\.m2\repository\io\netty\netty-transport\4.1.118.Final\netty-transport-4.1.118.Final.jar;C:\Users\GabrielMawuleSakyi\.m2\repository\io\netty\netty-common\4.1.118.Final\netty-common-4.1.118.Final.jar;C:\Users\GabrielMawuleSakyi\.m2\repository\io\netty\netty-buffer\4.1.118.Final\netty-buffer-4.1.118.Final.jar;C:\Users\GabrielMawuleSakyi\.m2\repository\io\netty\netty-handler\4.1.118.Final\netty-handler-4.1.118.Final.jar;C:\Users\GabrielMawuleSakyi\.m2\repository\io\netty\netty-transport-native-unix-common\4.1.118.Final\netty-transport-native-unix-common-4.1.118.Final.jar;C:\Users\GabrielMawuleSakyi\.m2\repository\io\netty\netty-transport-classes-epoll\4.1.118.Final\netty-transport-classes-epoll-4.1.118.Final.jar;C:\Users\GabrielMawuleSakyi\.m2\repository\io\netty\netty-resolver\4.1.118.Final\netty-resolver-4.1.118.Final.jar;C:\Users\GabrielMawuleSakyi\.m2\repository\software\amazon\awssdk\s3\2.30.37\s3-2.30.37.jar;C:\Users\GabrielMawuleSakyi\.m2\repository\software\amazon\awssdk\aws-xml-protocol\2.30.37\aws-xml-protocol-2.30.37.jar;C:\Users\GabrielMawuleSakyi\.m2\repository\software\amazon\awssdk\arns\2.30.37\arns-2.30.37.jar;C:\Users\GabrielMawuleSakyi\.m2\repository\software\amazon\awssdk\profiles\2.30.37\profiles-2.30.37.jar;C:\Users\GabrielMawuleSakyi\.m2\repository\software\amazon\awssdk\crt-core\2.30.37\crt-core-2.30.37.jar;C:\Users\GabrielMawuleSakyi\.m2\repository\software\amazon\awssdk\checksums\2.30.37\checksums-2.30.37.jar;C:\Users\GabrielMawuleSakyi\.m2\repository\software\amazon\awssdk\checksums-spi\2.30.37\checksums-spi-2.30.37.jar;C:\Users\GabrielMawuleSakyi\.m2\repository\org\slf4j\slf4j-api\2.0.17\slf4j-api-2.0.17.jar;C:\Users\GabrielMawuleSakyi\.m2\repository\org\slf4j\slf4j-simple\2.0.7\slf4j-simple-2.0.7.jar;"/>
    <property name="sun.cpu.endian" value="little"/>
    <property name="user.home" value="C:\Users\GabrielMawuleSakyi"/>
    <property name="user.language" value="en"/>
    <property name="java.specification.vendor" value="Oracle Corporation"/>
    <property name="java.version.date" value="2024-10-15"/>
    <property name="java.home" value="C:\Program Files\Java\jdk-21"/>
    <property name="file.separator" value="\"/>
    <property name="basedir" value="C:\Users\GabrielMawuleSakyi\s3-notification-system\s3notification\HelloWorldFunction"/>
    <property name="java.vm.compressedOopsMode" value="Zero based"/>
    <property name="line.separator" value="&#10;"/>
    <property name="java.vm.specification.vendor" value="Oracle Corporation"/>
    <property name="java.specification.name" value="Java Platform API Specification"/>
    <property name="surefire.real.class.path" value="C:\Users\GabrielMawuleSakyi\AppData\Local\Temp\surefire1990293465930879570\surefirebooter-20250408132228080_3.jar"/>
    <property name="user.script" value=""/>
    <property name="sun.management.compiler" value="HotSpot 64-Bit Tiered Compilers"/>
    <property name="java.runtime.version" value="21.0.5+9-LTS-239"/>
    <property name="user.name" value="GabrielMawuleSakyi"/>
    <property name="stdout.encoding" value="Cp1252"/>
    <property name="path.separator" value=";"/>
    <property name="os.version" value="10.0"/>
    <property name="java.runtime.name" value="Java(TM) SE Runtime Environment"/>
    <property name="file.encoding" value="UTF-8"/>
    <property name="java.vm.name" value="Java HotSpot(TM) 64-Bit Server VM"/>
    <property name="localRepository" value="C:\Users\GabrielMawuleSakyi\.m2\repository"/>
    <property name="java.vendor.url.bug" value="https://bugreport.java.com/bugreport/"/>
    <property name="java.io.tmpdir" value="C:\Users\GABRIE~1\AppData\Local\Temp\"/>
    <property name="idea.version" value="2024.3.1.1"/>
    <property name="java.version" value="21.0.5"/>
    <property name="user.dir" value="C:\Users\GabrielMawuleSakyi\s3-notification-system\s3notification\HelloWorldFunction"/>
    <property name="os.arch" value="amd64"/>
    <property name="java.vm.specification.name" value="Java Virtual Machine Specification"/>
    <property name="sun.os.patch.level" value=""/>
    <property name="native.encoding" value="Cp1252"/>
    <property name="java.library.path" value="C:\Program Files\Java\jdk-21\bin;C:\windows\Sun\Java\bin;C:\windows\system32;C:\windows;C:\Program Files\Common Files\Oracle\Java\javapath;C:\windows\system32;C:\windows;C:\windows\System32\Wbem;C:\windows\System32\WindowsPowerShell\v1.0\;C:\windows\System32\OpenSSH\;C:\Program Files\Git\cmd;C:\Program Files\Amazon\AWSCLIV2\;C:\Program Files\Docker\Docker\resources\bin;C:\Program Files\Amazon\AWSSAMCLI\bin\;C:\maven\maven-mvnd-1.0.2-windows-amd64\bin;C:\Program Files\apache-maven-3.9.9-bin\apache-maven-3.9.9\bin;C:\Users\GabrielMawuleSakyi\AppData\Local\Microsoft\WindowsApps;C:\Users\GabrielMawuleSakyi\AppData\Local\JetBrains\Toolbox\scripts;C:\Users\GabrielMawuleSakyi\AppData\Local\Programs\Microsoft VS Code\bin;C:\Users\GabrielMawuleSakyi\AppData\Local\GitHubDesktop\bin;."/>
    <property name="java.vm.info" value="mixed mode, sharing"/>
    <property name="stderr.encoding" value="Cp1252"/>
    <property name="java.vendor" value="Oracle Corporation"/>
    <property name="java.vm.version" value="21.0.5+9-LTS-239"/>
    <property name="sun.io.unicode.encoding" value="UnicodeLittle"/>
    <property name="java.class.version" value="65.0"/>
  </properties>
  <testcase name="successfulResponse" classname="helloworld.AppTest" time="0.006"/>
</testsuite>